{"total": {"lines":{"total":50,"covered":50,"skipped":0,"pct":100},"statements":{"total":56,"covered":56,"skipped":0,"pct":100},"functions":{"total":25,"covered":25,"skipped":0,"pct":100},"branches":{"total":24,"covered":23,"skipped":0,"pct":95.83},"branchesTrue":{"total":0,"covered":0,"skipped":0,"pct":100}}
,"/Users/user/skills/workflow-demo-web/src/App.css": {"lines":{"total":0,"covered":0,"skipped":0,"pct":100},"functions":{"total":0,"covered":0,"skipped":0,"pct":100},"statements":{"total":0,"covered":0,"skipped":0,"pct":100},"branches":{"total":0,"covered":0,"skipped":0,"pct":100}}
,"/Users/user/skills/workflow-demo-web/src/App.tsx": {"lines":{"total":37,"covered":37,"skipped":0,"pct":100},"functions":{"total":18,"covered":18,"skipped":0,"pct":100},"statements":{"total":40,"covered":40,"skipped":0,"pct":100},"branches":{"total":16,"covered":16,"skipped":0,"pct":100}}
,"/Users/user/skills/workflow-demo-web/src/lib/coverageBoard.ts": {"lines":{"total":13,"covered":13,"skipped":0,"pct":100},"functions":{"total":7,"covered":7,"skipped":0,"pct":100},"statements":{"total":16,"covered":16,"skipped":0,"pct":100},"branches":{"total":8,"covered":7,"skipped":0,"pct":87.5}}
}
